demo-playground/build/outputs/logs/manifest-merger-debug-report.txt
-- Merging decision tree log ---
manifest
ADDED from src\main\AndroidManifest.xml:2:1-47:12
	xmlns:tools
		ADDED from src\main\AndroidManifest.xml:5:3-49
	xmlns:android
		ADDED from src\main\AndroidManifest.xml:4:3-61
	package
		ADDED from src\main\AndroidManifest.xml:3:3-49
	android:versionName
		ADDED from src\main\AndroidManifest.xml:7:3-28
	android:versionCode
		ADDED from src\main\AndroidManifest.xml:6:3-26
		INJECTED from src\main\AndroidManifest.xml
		INJECTED from src\main\AndroidManifest.xml
uses-permission#android.permission.WRITE_EXTERNAL_STORAGE
ADDED from src\main\AndroidManifest.xml:9:3-78
MERGED from [cwac-cam2:cam2:unspecified] AndroidManifest.xml:10:5-81
	android:name
		ADDED from src\main\AndroidManifest.xml:9:20-76
application
ADDED from src\main\AndroidManifest.xml:11:3-45:17
MERGED from [cwac-cam2:cam2:unspecified] AndroidManifest.xml:26:5-29:19
MERGED from [com.github.clans:fab:1.6.1] AndroidManifest.xml:12:5-20
	android:label
		ADDED from src\main\AndroidManifest.xml:14:5-37
	android:allowBackup
		ADDED from src\main\AndroidManifest.xml:12:5-32
	android:icon
		ADDED from src\main\AndroidManifest.xml:13:5-41
	android:theme
		ADDED from src\main\AndroidManifest.xml:15:5-36
	tools:replace
		ADDED from src\main\AndroidManifest.xml:16:5-40
activity#com.commonsware.cwac.cam2.playground.PictureActivity
ADDED from src\main\AndroidManifest.xml:17:5-25:16
	android:label
		ADDED from src\main\AndroidManifest.xml:19:7-39
	android:name
		ADDED from src\main\AndroidManifest.xml:18:7-38
intent-filter#android.intent.action.MAIN+android.intent.category.LAUNCHER
ADDED from src\main\AndroidManifest.xml:20:7-24:23
action#android.intent.action.MAIN
ADDED from src\main\AndroidManifest.xml:21:9-60
	android:name
		ADDED from src\main\AndroidManifest.xml:21:17-58
category#android.intent.category.LAUNCHER
ADDED from src\main\AndroidManifest.xml:23:9-68
	android:name
		ADDED from src\main\AndroidManifest.xml:23:19-66
activity#com.commonsware.cwac.cam2.playground.VideoActivity
ADDED from src\main\AndroidManifest.xml:26:5-35:16
	android:label
		ADDED from src\main\AndroidManifest.xml:28:7-45
	android:theme
		ADDED from src\main\AndroidManifest.xml:29:7-38
	android:name
		ADDED from src\main\AndroidManifest.xml:27:7-36
activity#com.commonsware.cwac.cam2.CameraActivity
ADDED from src\main\AndroidManifest.xml:36:5-39:49
MERGED from [cwac-cam2:cam2:unspecified] AndroidManifest.xml:27:9-77
	android:theme
		ADDED from src\main\AndroidManifest.xml:39:7-47
	android:process
		ADDED from src\main\AndroidManifest.xml:38:7-35
	android:name
		ADDED from src\main\AndroidManifest.xml:37:7-62
activity#com.commonsware.cwac.cam2.VideoRecorderActivity
ADDED from src\main\AndroidManifest.xml:40:5-43:49
MERGED from [cwac-cam2:cam2:unspecified] AndroidManifest.xml:28:9-84
	android:theme
		ADDED from src\main\AndroidManifest.xml:43:7-47
	android:process
		ADDED from src\main\AndroidManifest.xml:42:7-35
	android:name
		ADDED from src\main\AndroidManifest.xml:41:7-69
activity#com.commonsware.cwac.cam2.playground.VideoPlayerActivity
ADDED from src\main\AndroidManifest.xml:44:5-52
	android:name
		ADDED from src\main\AndroidManifest.xml:44:15-50
uses-sdk
INJECTED from src\main\AndroidManifest.xml reason: use-sdk injection requested
MERGED from [com.davemorrissey.labs:subsampling-scale-image-view:3.1.4] AndroidManifest.xml:7:5-9:41
MERGED from [cwac-cam2:cam2:unspecified] AndroidManifest.xml:5:5-7:41
MERGED from [com.github.clans:fab:1.6.1] AndroidManifest.xml:8:5-10:41
	android:targetSdkVersion
		INJECTED from src\main\AndroidManifest.xml
		INJECTED from src\main\AndroidManifest.xml
	android:minSdkVersion
		INJECTED from src\main\AndroidManifest.xml
		INJECTED from src\main\AndroidManifest.xml
uses-permission#android.permission.CAMERA
ADDED from [cwac-cam2:cam2:unspecified] AndroidManifest.xml:9:5-65
	android:name
		ADDED from [cwac-cam2:cam2:unspecified] AndroidManifest.xml:9:22-62
uses-permission#android.permission.RECORD_AUDIO
ADDED from [cwac-cam2:cam2:unspecified] AndroidManifest.xml:11:5-71
	android:name
		ADDED from [cwac-cam2:cam2:unspecified] AndroidManifest.xml:11:22-68
uses-feature#android.hardware.camera
ADDED from [cwac-cam2:cam2:unspecified] AndroidManifest.xml:13:5-15:35
	android:required
		ADDED from [cwac-cam2:cam2:unspecified] AndroidManifest.xml:15:9-32
	android:name
		ADDED from [cwac-cam2:cam2:unspecified] AndroidManifest.xml:14:9-47
uses-feature#android.hardware.camera.front
ADDED from [cwac-cam2:cam2:unspecified] AndroidManifest.xml:16:5-18:36
	android:required
		ADDED from [cwac-cam2:cam2:unspecified] AndroidManifest.xml:18:9-33
	android:name
		ADDED from [cwac-cam2:cam2:unspecified] AndroidManifest.xml:17:9-53
uses-feature#android.hardware.camera.autofocus
ADDED from [cwac-cam2:cam2:unspecified] AndroidManifest.xml:19:5-21:36
	android:required
		ADDED from [cwac-cam2:cam2:unspecified] AndroidManifest.xml:21:9-33
	android:name
		ADDED from [cwac-cam2:cam2:unspecified] AndroidManifest.xml:20:9-57
uses-feature#android.hardware.microphone
ADDED from [cwac-cam2:cam2:unspecified] AndroidManifest.xml:22:5-24:36
	android:required
		ADDED from [cwac-cam2:cam2:unspecified] AndroidManifest.xml:24:9-33
	android:name
		ADDED from [cwac-cam2:cam2:unspecified] AndroidManifest.xml:23:9-51